Started GET "/" for 127.0.0.1 at 2021-09-30 14:23:34 +0800
  [1m[35m (1.5ms)[0m  [1m[34mSELECT sqlite_version(*)[0m
Processing by Rails::WelcomeController#index as HTML
  Rendering /Library/Ruby/Gems/2.6.0/gems/railties-6.1.4.1/lib/rails/templates/rails/welcome/index.html.erb
  Rendered /Library/Ruby/Gems/2.6.0/gems/railties-6.1.4.1/lib/rails/templates/rails/welcome/index.html.erb (Duration: 8.3ms | Allocations: 516)
Completed 200 OK in 39ms (Views: 13.2ms | ActiveRecord: 0.0ms | Allocations: 4530)


Started GET "/" for ::1 at 2021-09-30 21:27:09 +0800
  [1m[35m (0.4ms)[0m  [1m[34mSELECT sqlite_version(*)[0m
Processing by ApplicationController#hello as HTML
  Rendering html template
  Rendered html template (Duration: 0.1ms | Allocations: 32)
Completed 200 OK in 18ms (Views: 2.7ms | ActiveRecord: 0.0ms | Allocations: 1901)


Started GET "/" for ::1 at 2021-09-30 21:27:10 +0800
Processing by ApplicationController#hello as HTML
  Rendering html template
  Rendered html template (Duration: 0.1ms | Allocations: 27)
Completed 200 OK in 1ms (Views: 0.4ms | ActiveRecord: 0.0ms | Allocations: 272)


  [1m[35m (0.3ms)[0m  [1m[34mSELECT sqlite_version(*)[0m
  [1m[35m (1.6ms)[0m  [1m[35mCREATE TABLE "schema_migrations" ("version" varchar NOT NULL PRIMARY KEY)[0m
  [1m[35m (1.1ms)[0m  [1m[35mCREATE TABLE "ar_internal_metadata" ("key" varchar NOT NULL PRIMARY KEY, "value" varchar, "created_at" datetime(6) NOT NULL, "updated_at" datetime(6) NOT NULL)[0m
  [1m[35m (0.1ms)[0m  [1m[34mSELECT "schema_migrations"."version" FROM "schema_migrations" ORDER BY "schema_migrations"."version" ASC[0m
Migrating to CreateUsers (20210930134135)
  [1m[36mTRANSACTION (0.0ms)[0m  [1m[36mbegin transaction[0m
  [1m[35m (0.4ms)[0m  [1m[35mCREATE TABLE "users" ("id" integer PRIMARY KEY AUTOINCREMENT NOT NULL, "name" varchar, "email" varchar, "created_at" datetime(6) NOT NULL, "updated_at" datetime(6) NOT NULL)[0m
  [1m[36mActiveRecord::SchemaMigration Create (0.1ms)[0m  [1m[32mINSERT INTO "schema_migrations" ("version") VALUES (?)[0m  [["version", "20210930134135"]]
  [1m[36mTRANSACTION (0.9ms)[0m  [1m[36mcommit transaction[0m
  [1m[36mActiveRecord::InternalMetadata Load (0.2ms)[0m  [1m[34mSELECT "ar_internal_metadata".* FROM "ar_internal_metadata" WHERE "ar_internal_metadata"."key" = ? LIMIT ?[0m  [["key", "environment"], ["LIMIT", 1]]
  [1m[36mTRANSACTION (0.0ms)[0m  [1m[36mbegin transaction[0m
  [1m[36mActiveRecord::InternalMetadata Create (0.4ms)[0m  [1m[32mINSERT INTO "ar_internal_metadata" ("key", "value", "created_at", "updated_at") VALUES (?, ?, ?, ?)[0m  [["key", "environment"], ["value", "development"], ["created_at", "2021-09-30 14:07:44.001928"], ["updated_at", "2021-09-30 14:07:44.001928"]]
  [1m[36mTRANSACTION (0.9ms)[0m  [1m[36mcommit transaction[0m
  [1m[35m (0.0ms)[0m  [1m[34mSELECT sqlite_version(*)[0m
  [1m[35m (0.1ms)[0m  [1m[34mSELECT "schema_migrations"."version" FROM "schema_migrations" ORDER BY "schema_migrations"."version" ASC[0m
Started GET "/" for ::1 at 2021-09-30 22:46:26 +0800
  [1m[35m (0.5ms)[0m  [1m[34mSELECT sqlite_version(*)[0m
  [1m[35m (0.1ms)[0m  [1m[34mSELECT "schema_migrations"."version" FROM "schema_migrations" ORDER BY "schema_migrations"."version" ASC[0m
Processing by ApplicationController#hello as HTML
  Rendering html template
  Rendered html template (Duration: 0.2ms | Allocations: 32)
Completed 200 OK in 18ms (Views: 3.8ms | ActiveRecord: 0.0ms | Allocations: 2060)


Started GET "/users" for ::1 at 2021-09-30 22:46:30 +0800
Processing by UsersController#index as HTML
  Rendering layout layouts/application.html.erb
  Rendering users/index.html.erb within layouts/application
  [1m[36mUser Load (0.3ms)[0m  [1m[34mSELECT "users".* FROM "users"[0m
  ↳ app/views/users/index.html.erb:15
  Rendered users/index.html.erb within layouts/application (Duration: 5.4ms | Allocations: 1166)
[Webpacker] Compiling...
[Webpacker] Compiled all packs in /Users/hoffman.zheng/Documents/code local/Ruby-Demo/Ruby on Rails/blog/public/packs
[Webpacker] Hash: e2a8a876c5815bee1e21
Version: webpack 4.46.0
Time: 1369ms
Built at: 09/30/2021 10:46:33 PM
                                     Asset       Size       Chunks                         Chunk Names
    js/application-e421b4aa3f716bebdab1.js    125 KiB  application  [emitted] [immutable]  application
js/application-e421b4aa3f716bebdab1.js.map    139 KiB  application  [emitted] [dev]        application
                             manifest.json  364 bytes               [emitted]              
Entrypoint application = js/application-e421b4aa3f716bebdab1.js js/application-e421b4aa3f716bebdab1.js.map
[./app/javascript/channels sync recursive _channel\.js$] ./app/javascript/channels sync _channel\.js$ 160 bytes {application} [built]
[./app/javascript/channels/index.js] 211 bytes {application} [built]
[./app/javascript/packs/application.js] 492 bytes {application} [built]
[./node_modules/webpack/buildin/module.js] (webpack)/buildin/module.js 552 bytes {application} [built]
    + 3 hidden modules

  Rendered layout layouts/application.html.erb (Duration: 3303.6ms | Allocations: 25247)
Completed 200 OK in 3313ms (Views: 3306.0ms | ActiveRecord: 0.3ms | Allocations: 26987)


Started GET "/users/new" for ::1 at 2021-09-30 22:46:42 +0800
Processing by UsersController#new as HTML
  Rendering layout layouts/application.html.erb
  Rendering users/new.html.erb within layouts/application
  Rendered users/_form.html.erb (Duration: 17.7ms | Allocations: 5612)
  Rendered users/new.html.erb within layouts/application (Duration: 19.0ms | Allocations: 5995)
[Webpacker] Everything's up-to-date. Nothing to do
  Rendered layout layouts/application.html.erb (Duration: 25.2ms | Allocations: 10189)
Completed 200 OK in 32ms (Views: 25.7ms | ActiveRecord: 0.6ms | Allocations: 14041)


Started POST "/users" for ::1 at 2021-09-30 22:46:52 +0800
Processing by UsersController#create as HTML
  Parameters: {"authenticity_token"=>"[FILTERED]", "user"=>{"name"=>"hoffman", "email"=>"hoffman.zheng@goat.com"}, "commit"=>"Create User"}
  [1m[36mTRANSACTION (0.1ms)[0m  [1m[36mbegin transaction[0m
  ↳ app/controllers/users_controller.rb:27:in `block in create'
  [1m[36mUser Create (0.4ms)[0m  [1m[32mINSERT INTO "users" ("name", "email", "created_at", "updated_at") VALUES (?, ?, ?, ?)[0m  [["name", "hoffman"], ["email", "hoffman.zheng@goat.com"], ["created_at", "2021-09-30 14:46:52.993831"], ["updated_at", "2021-09-30 14:46:52.993831"]]
  ↳ app/controllers/users_controller.rb:27:in `block in create'
  [1m[36mTRANSACTION (0.7ms)[0m  [1m[36mcommit transaction[0m
  ↳ app/controllers/users_controller.rb:27:in `block in create'
Redirected to http://localhost:3000/users/1
Completed 302 Found in 6ms (ActiveRecord: 1.2ms | Allocations: 2676)


Started GET "/users/1" for ::1 at 2021-09-30 22:46:53 +0800
Processing by UsersController#show as HTML
  Parameters: {"id"=>"1"}
  [1m[36mUser Load (0.2ms)[0m  [1m[34mSELECT "users".* FROM "users" WHERE "users"."id" = ? LIMIT ?[0m  [["id", 1], ["LIMIT", 1]]
  ↳ app/controllers/users_controller.rb:62:in `set_user'
  Rendering layout layouts/application.html.erb
  Rendering users/show.html.erb within layouts/application
  Rendered users/show.html.erb within layouts/application (Duration: 0.5ms | Allocations: 288)
[Webpacker] Everything's up-to-date. Nothing to do
  Rendered layout layouts/application.html.erb (Duration: 5.3ms | Allocations: 4346)
Completed 200 OK in 13ms (Views: 5.6ms | ActiveRecord: 0.2ms | Allocations: 9048)


Started GET "/users" for ::1 at 2021-09-30 22:46:55 +0800
Processing by UsersController#index as HTML
  Rendering layout layouts/application.html.erb
  Rendering users/index.html.erb within layouts/application
  [1m[36mUser Load (0.1ms)[0m  [1m[34mSELECT "users".* FROM "users"[0m
  ↳ app/views/users/index.html.erb:15
  Rendered users/index.html.erb within layouts/application (Duration: 1.8ms | Allocations: 818)
[Webpacker] Everything's up-to-date. Nothing to do
  Rendered layout layouts/application.html.erb (Duration: 9.0ms | Allocations: 5570)
Completed 200 OK in 10ms (Views: 9.4ms | ActiveRecord: 0.1ms | Allocations: 5964)


Started GET "/users/1" for ::1 at 2021-09-30 22:46:57 +0800
Processing by UsersController#show as HTML
  Parameters: {"id"=>"1"}
  [1m[36mUser Load (0.2ms)[0m  [1m[34mSELECT "users".* FROM "users" WHERE "users"."id" = ? LIMIT ?[0m  [["id", 1], ["LIMIT", 1]]
  ↳ app/controllers/users_controller.rb:62:in `set_user'
  Rendering layout layouts/application.html.erb
  Rendering users/show.html.erb within layouts/application
  Rendered users/show.html.erb within layouts/application (Duration: 0.2ms | Allocations: 104)
[Webpacker] Everything's up-to-date. Nothing to do
  Rendered layout layouts/application.html.erb (Duration: 7.2ms | Allocations: 4839)
Completed 200 OK in 10ms (Views: 7.6ms | ActiveRecord: 0.2ms | Allocations: 5775)


Started GET "/users" for ::1 at 2021-09-30 22:46:58 +0800
Processing by UsersController#index as HTML
  Rendering layout layouts/application.html.erb
  Rendering users/index.html.erb within layouts/application
  [1m[36mUser Load (0.2ms)[0m  [1m[34mSELECT "users".* FROM "users"[0m
  ↳ app/views/users/index.html.erb:15
  Rendered users/index.html.erb within layouts/application (Duration: 2.0ms | Allocations: 813)
[Webpacker] Everything's up-to-date. Nothing to do
  Rendered layout layouts/application.html.erb (Duration: 9.3ms | Allocations: 5551)
Completed 200 OK in 10ms (Views: 9.5ms | ActiveRecord: 0.2ms | Allocations: 5944)


Started GET "/users/new" for ::1 at 2021-09-30 22:47:00 +0800
Processing by UsersController#new as HTML
  Rendering layout layouts/application.html.erb
  Rendering users/new.html.erb within layouts/application
  Rendered users/_form.html.erb (Duration: 1.2ms | Allocations: 698)
  Rendered users/new.html.erb within layouts/application (Duration: 1.5ms | Allocations: 810)
[Webpacker] Everything's up-to-date. Nothing to do
  Rendered layout layouts/application.html.erb (Duration: 8.4ms | Allocations: 5546)
Completed 200 OK in 9ms (Views: 8.9ms | ActiveRecord: 0.0ms | Allocations: 5943)


Started POST "/users" for ::1 at 2021-09-30 22:47:11 +0800
Processing by UsersController#create as HTML
  Parameters: {"authenticity_token"=>"[FILTERED]", "user"=>{"name"=>"lily", "email"=>"lily123@outlook.com"}, "commit"=>"Create User"}
  [1m[36mTRANSACTION (0.1ms)[0m  [1m[36mbegin transaction[0m
  ↳ app/controllers/users_controller.rb:27:in `block in create'
  [1m[36mUser Create (0.4ms)[0m  [1m[32mINSERT INTO "users" ("name", "email", "created_at", "updated_at") VALUES (?, ?, ?, ?)[0m  [["name", "lily"], ["email", "lily123@outlook.com"], ["created_at", "2021-09-30 14:47:11.513545"], ["updated_at", "2021-09-30 14:47:11.513545"]]
  ↳ app/controllers/users_controller.rb:27:in `block in create'
  [1m[36mTRANSACTION (0.8ms)[0m  [1m[36mcommit transaction[0m
  ↳ app/controllers/users_controller.rb:27:in `block in create'
Redirected to http://localhost:3000/users/2
Completed 302 Found in 6ms (ActiveRecord: 1.3ms | Allocations: 2418)


Started GET "/users/2" for ::1 at 2021-09-30 22:47:11 +0800
Processing by UsersController#show as HTML
  Parameters: {"id"=>"2"}
  [1m[36mUser Load (0.1ms)[0m  [1m[34mSELECT "users".* FROM "users" WHERE "users"."id" = ? LIMIT ?[0m  [["id", 2], ["LIMIT", 1]]
  ↳ app/controllers/users_controller.rb:62:in `set_user'
  Rendering layout layouts/application.html.erb
  Rendering users/show.html.erb within layouts/application
  Rendered users/show.html.erb within layouts/application (Duration: 0.2ms | Allocations: 106)
[Webpacker] Everything's up-to-date. Nothing to do
  Rendered layout layouts/application.html.erb (Duration: 22.1ms | Allocations: 4217)
Completed 200 OK in 24ms (Views: 22.4ms | ActiveRecord: 0.1ms | Allocations: 5160)


Started GET "/users" for ::1 at 2021-09-30 22:47:12 +0800
Processing by UsersController#index as HTML
  Rendering layout layouts/application.html.erb
  Rendering users/index.html.erb within layouts/application
  [1m[36mUser Load (0.2ms)[0m  [1m[34mSELECT "users".* FROM "users"[0m
  ↳ app/views/users/index.html.erb:15
  Rendered users/index.html.erb within layouts/application (Duration: 2.2ms | Allocations: 916)
[Webpacker] Everything's up-to-date. Nothing to do
  Rendered layout layouts/application.html.erb (Duration: 9.0ms | Allocations: 5664)
Completed 200 OK in 10ms (Views: 9.2ms | ActiveRecord: 0.2ms | Allocations: 6057)


Started GET "/users/new" for ::1 at 2021-09-30 22:47:34 +0800
Processing by UsersController#new as HTML
  Rendering layout layouts/application.html.erb
  Rendering users/new.html.erb within layouts/application
  Rendered users/_form.html.erb (Duration: 1.1ms | Allocations: 696)
  Rendered users/new.html.erb within layouts/application (Duration: 1.4ms | Allocations: 808)
[Webpacker] Everything's up-to-date. Nothing to do
  Rendered layout layouts/application.html.erb (Duration: 8.2ms | Allocations: 5551)
Completed 200 OK in 9ms (Views: 8.6ms | ActiveRecord: 0.0ms | Allocations: 5948)


Started GET "/users/1" for ::1 at 2021-09-30 22:47:38 +0800
Processing by UsersController#show as HTML
  Parameters: {"id"=>"1"}
  [1m[36mUser Load (0.2ms)[0m  [1m[34mSELECT "users".* FROM "users" WHERE "users"."id" = ? LIMIT ?[0m  [["id", 1], ["LIMIT", 1]]
  ↳ app/controllers/users_controller.rb:62:in `set_user'
  Rendering layout layouts/application.html.erb
  Rendering users/show.html.erb within layouts/application
  Rendered users/show.html.erb within layouts/application (Duration: 0.2ms | Allocations: 104)
[Webpacker] Everything's up-to-date. Nothing to do
  Rendered layout layouts/application.html.erb (Duration: 5.8ms | Allocations: 4217)
Completed 200 OK in 8ms (Views: 6.2ms | ActiveRecord: 0.2ms | Allocations: 5170)


Started GET "/users/2" for ::1 at 2021-09-30 22:47:39 +0800
Processing by UsersController#show as HTML
  Parameters: {"id"=>"2"}
  [1m[36mUser Load (0.2ms)[0m  [1m[34mSELECT "users".* FROM "users" WHERE "users"."id" = ? LIMIT ?[0m  [["id", 2], ["LIMIT", 1]]
  ↳ app/controllers/users_controller.rb:62:in `set_user'
  Rendering layout layouts/application.html.erb
  Rendering users/show.html.erb within layouts/application
  Rendered users/show.html.erb within layouts/application (Duration: 0.2ms | Allocations: 104)
[Webpacker] Everything's up-to-date. Nothing to do
  Rendered layout layouts/application.html.erb (Duration: 5.7ms | Allocations: 4217)
Completed 200 OK in 8ms (Views: 6.1ms | ActiveRecord: 0.2ms | Allocations: 5170)


